# JRE version: OpenJDK Runtime Environment Temurin-17.0.3+7 (17.0.3+7) (build 17.0.3+7)
# Java VM: OpenJDK 64-Bit Server VM Temurin-17.0.3+7 (17.0.3+7, mixed mode, emulated-client, tiered, compressed oops, compressed class ptrs, g1 gc, windows-amd64)
GC Precious Log:
 CPUs: 8 total, 8 available
 Memory: 12174M
 Large Page Support: Disabled
 NUMA Support: Disabled
 Compressed Oops: Enabled (Zero based)
 Heap Region Size: 2M
 Heap Min Capacity: 8M
 Heap Initial Capacity: 192M
 Heap Max Capacity: 3044M
 Pre-touch: Disabled
 Parallel Workers: 8
 Concurrent Workers: 2
 Concurrent Refinement Workers: 8
 Periodic GC: Disabled
Heap:
 garbage-first heap   total 81920K, used 24096K [0x0000000741c00000, 0x0000000800000000)
  region size 2048K, 1 young (2048K), 0 survivors (0K)
 Metaspace       used 43971K, committed 44352K, reserved 1089536K
  class space    used 6001K, committed 6208K, reserved 1048576K
GC Heap History (20 events):
Event: 26546.714 GC heap before
{Heap before GC invocations=1600 (full 1566):
 garbage-first heap   total 81920K, used 24095K [0x0000000741c00000, 0x0000000800000000)
  region size 2048K, 1 young (2048K), 0 survivors (0K)
 Metaspace       used 43971K, committed 44352K, reserved 1089536K
  class space    used 6001K, committed 6208K, reserved 1048576K
}
Event: 26546.744 GC heap after
{Heap after GC invocations=1601 (full 1567):
 garbage-first heap   total 81920K, used 24095K [0x0000000741c00000, 0x0000000800000000)
  region size 2048K, 0 young (0K), 0 survivors (0K)
 Metaspace       used 43971K, committed 44352K, reserved 1089536K
  class space    used 6001K, committed 6208K, reserved 1048576K
}
Event: 26556.951 GC heap before
{Heap before GC invocations=1601 (full 1567):
 garbage-first heap   total 81920K, used 24095K [0x0000000741c00000, 0x0000000800000000)
  region size 2048K, 1 young (2048K), 0 survivors (0K)
 Metaspace       used 43971K, committed 44352K, reserved 1089536K
  class space    used 6001K, committed 6208K, reserved 1048576K
}
Event: 26556.984 GC heap after
{Heap after GC invocations=1602 (full 1568):
 garbage-first heap   total 81920K, used 24095K [0x0000000741c00000, 0x0000000800000000)
  region size 2048K, 0 young (0K), 0 survivors (0K)
 Metaspace       used 43971K, committed 44352K, reserved 1089536K
  class space    used 6001K, committed 6208K, reserved 1048576K
}
Event: 26567.170 GC heap before
{Heap before GC invocations=1602 (full 1568):
 garbage-first heap   total 81920K, used 24095K [0x0000000741c00000, 0x0000000800000000)
  region size 2048K, 1 young (2048K), 0 survivors (0K)
 Metaspace       used 43971K, committed 44352K, reserved 1089536K
  class space    used 6001K, committed 6208K, reserved 1048576K
}
Event: 26567.200 GC heap after
{Heap after GC invocations=1603 (full 1569):
 garbage-first heap   total 81920K, used 24095K [0x0000000741c00000, 0x0000000800000000)
  region size 2048K, 0 young (0K), 0 survivors (0K)
 Metaspace       used 43971K, committed 44352K, reserved 1089536K
  class space    used 6001K, committed 6208K, reserved 1048576K
}
Event: 26577.364 GC heap before
{Heap before GC invocations=1603 (full 1569):
 garbage-first heap   total 81920K, used 24095K [0x0000000741c00000, 0x0000000800000000)
  region size 2048K, 1 young (2048K), 0 survivors (0K)
 Metaspace       used 43971K, committed 44352K, reserved 1089536K
  class space    used 6001K, committed 6208K, reserved 1048576K
}
Event: 26577.397 GC heap after
{Heap after GC invocations=1604 (full 1570):
 garbage-first heap   total 81920K, used 24095K [0x0000000741c00000, 0x0000000800000000)
  region size 2048K, 0 young (0K), 0 survivors (0K)
 Metaspace       used 43971K, committed 44352K, reserved 1089536K
  class space    used 6001K, committed 6208K, reserved 1048576K
}
Event: 26587.684 GC heap before
{Heap before GC invocations=1604 (full 1570):
 garbage-first heap   total 81920K, used 24095K [0x0000000741c00000, 0x0000000800000000)
  region size 2048K, 1 young (2048K), 0 survivors (0K)
 Metaspace       used 43971K, committed 44352K, reserved 1089536K
  class space    used 6001K, committed 6208K, reserved 1048576K
}
Event: 26587.744 GC heap after
{Heap after GC invocations=1605 (full 1571):
 garbage-first heap   total 81920K, used 24095K [0x0000000741c00000, 0x0000000800000000)
  region size 2048K, 0 young (0K), 0 survivors (0K)
 Metaspace       used 43971K, committed 44352K, reserved 1089536K
  class space    used 6001K, committed 6208K, reserved 1048576K
}
Event: 26598.080 GC heap before
{Heap before GC invocations=1605 (full 1571):
 garbage-first heap   total 81920K, used 24095K [0x0000000741c00000, 0x0000000800000000)
  region size 2048K, 1 young (2048K), 0 survivors (0K)
 Metaspace       used 43971K, committed 44352K, reserved 1089536K
  class space    used 6001K, committed 6208K, reserved 1048576K
}
Event: 26598.124 GC heap after
{Heap after GC invocations=1606 (full 1572):
 garbage-first heap   total 81920K, used 24095K [0x0000000741c00000, 0x0000000800000000)
  region size 2048K, 0 young (0K), 0 survivors (0K)
 Metaspace       used 43971K, committed 44352K, reserved 1089536K
  class space    used 6001K, committed 6208K, reserved 1048576K
}
Event: 26608.482 GC heap before
{Heap before GC invocations=1606 (full 1572):
 garbage-first heap   total 81920K, used 24095K [0x0000000741c00000, 0x0000000800000000)
  region size 2048K, 1 young (2048K), 0 survivors (0K)
 Metaspace       used 43971K, committed 44352K, reserved 1089536K
  class space    used 6001K, committed 6208K, reserved 1048576K
}
Event: 26608.539 GC heap after
{Heap after GC invocations=1607 (full 1573):
 garbage-first heap   total 81920K, used 24095K [0x0000000741c00000, 0x0000000800000000)
  region size 2048K, 0 young (0K), 0 survivors (0K)
 Metaspace       used 43971K, committed 44352K, reserved 1089536K
  class space    used 6001K, committed 6208K, reserved 1048576K
}
Event: 26619.753 GC heap before
{Heap before GC invocations=1607 (full 1573):
 garbage-first heap   total 81920K, used 24095K [0x0000000741c00000, 0x0000000800000000)
  region size 2048K, 1 young (2048K), 0 survivors (0K)
 Metaspace       used 43971K, committed 44352K, reserved 1089536K
  class space    used 6001K, committed 6208K, reserved 1048576K
}
Event: 26619.809 GC heap after
{Heap after GC invocations=1608 (full 1574):
 garbage-first heap   total 81920K, used 24095K [0x0000000741c00000, 0x0000000800000000)
  region size 2048K, 0 young (0K), 0 survivors (0K)
 Metaspace       used 43971K, committed 44352K, reserved 1089536K
  class space    used 6001K, committed 6208K, reserved 1048576K
}
Event: 26640.113 GC heap before
{Heap before GC invocations=1608 (full 1574):
 garbage-first heap   total 81920K, used 24095K [0x0000000741c00000, 0x0000000800000000)
  region size 2048K, 1 young (2048K), 0 survivors (0K)
 Metaspace       used 43971K, committed 44352K, reserved 1089536K
  class space    used 6001K, committed 6208K, reserved 1048576K
}
Event: 26640.150 GC heap after
{Heap after GC invocations=1609 (full 1575):
 garbage-first heap   total 81920K, used 24096K [0x0000000741c00000, 0x0000000800000000)
  region size 2048K, 0 young (0K), 0 survivors (0K)
 Metaspace       used 43971K, committed 44352K, reserved 1089536K
  class space    used 6001K, committed 6208K, reserved 1048576K
}
Event: 26650.376 GC heap before
{Heap before GC invocations=1609 (full 1575):
 garbage-first heap   total 81920K, used 24096K [0x0000000741c00000, 0x0000000800000000)
  region size 2048K, 1 young (2048K), 0 survivors (0K)
 Metaspace       used 43971K, committed 44352K, reserved 1089536K
  class space    used 6001K, committed 6208K, reserved 1048576K
}
Event: 26650.409 GC heap after
{Heap after GC invocations=1610 (full 1576):
 garbage-first heap   total 81920K, used 24096K [0x0000000741c00000, 0x0000000800000000)
  region size 2048K, 0 young (0K), 0 survivors (0K)
 Metaspace       used 43971K, committed 44352K, reserved 1089536K
  class space    used 6001K, committed 6208K, reserved 1048576K
}

