# JRE version: OpenJDK Runtime Environment Temurin-17.0.3+7 (17.0.3+7) (build 17.0.3+7)
# Java VM: OpenJDK 64-Bit Server VM Temurin-17.0.3+7 (17.0.3+7, mixed mode, emulated-client, tiered, compressed oops, compressed class ptrs, g1 gc, windows-amd64)
GC Precious Log:
 CPUs: 8 total, 8 available
 Memory: 12174M
 Large Page Support: Disabled
 NUMA Support: Disabled
 Compressed Oops: Enabled (Zero based)
 Heap Region Size: 2M
 Heap Min Capacity: 8M
 Heap Initial Capacity: 192M
 Heap Max Capacity: 3044M
 Pre-touch: Disabled
 Parallel Workers: 8
 Concurrent Workers: 2
 Concurrent Refinement Workers: 8
 Periodic GC: Disabled
Heap:
 garbage-first heap   total 327680K, used 97021K [0x0000000741c00000, 0x0000000800000000)
  region size 2048K, 7 young (14336K), 7 survivors (14336K)
 Metaspace       used 35071K, committed 35392K, reserved 1081344K
  class space    used 4567K, committed 4736K, reserved 1048576K
GC Heap History (20 events):
Event: 10.696 GC heap after
{Heap after GC invocations=14 (full 0):
 garbage-first heap   total 81920K, used 41555K [0x0000000741c00000, 0x0000000800000000)
  region size 2048K, 2 young (4096K), 2 survivors (4096K)
 Metaspace       used 33427K, committed 33728K, reserved 1081344K
  class space    used 4253K, committed 4416K, reserved 1048576K
}
Event: 10.897 GC heap before
{Heap before GC invocations=14 (full 0):
 garbage-first heap   total 81920K, used 59987K [0x0000000741c00000, 0x0000000800000000)
  region size 2048K, 11 young (22528K), 2 survivors (4096K)
 Metaspace       used 34480K, committed 34816K, reserved 1081344K
  class space    used 4446K, committed 4608K, reserved 1048576K
}
Event: 10.903 GC heap after
{Heap after GC invocations=15 (full 0):
 garbage-first heap   total 163840K, used 46200K [0x0000000741c00000, 0x0000000800000000)
  region size 2048K, 2 young (4096K), 2 survivors (4096K)
 Metaspace       used 34480K, committed 34816K, reserved 1081344K
  class space    used 4446K, committed 4608K, reserved 1048576K
}
Event: 11.247 GC heap before
{Heap before GC invocations=16 (full 0):
 garbage-first heap   total 163840K, used 101496K [0x0000000741c00000, 0x0000000800000000)
  region size 2048K, 30 young (61440K), 2 survivors (4096K)
 Metaspace       used 34962K, committed 35264K, reserved 1081344K
  class space    used 4554K, committed 4672K, reserved 1048576K
}
Event: 11.266 GC heap after
{Heap after GC invocations=17 (full 0):
 garbage-first heap   total 163840K, used 58999K [0x0000000741c00000, 0x0000000800000000)
  region size 2048K, 4 young (8192K), 4 survivors (8192K)
 Metaspace       used 34962K, committed 35264K, reserved 1081344K
  class space    used 4554K, committed 4672K, reserved 1048576K
}
Event: 11.293 GC heap before
{Heap before GC invocations=17 (full 0):
 garbage-first heap   total 163840K, used 97911K [0x0000000741c00000, 0x0000000800000000)
  region size 2048K, 24 young (49152K), 4 survivors (8192K)
 Metaspace       used 35060K, committed 35392K, reserved 1081344K
  class space    used 4565K, committed 4736K, reserved 1048576K
}
Event: 11.298 GC heap after
{Heap after GC invocations=18 (full 0):
 garbage-first heap   total 163840K, used 62097K [0x0000000741c00000, 0x0000000800000000)
  region size 2048K, 2 young (4096K), 2 survivors (4096K)
 Metaspace       used 35060K, committed 35392K, reserved 1081344K
  class space    used 4565K, committed 4736K, reserved 1048576K
}
Event: 11.332 GC heap before
{Heap before GC invocations=18 (full 0):
 garbage-first heap   total 163840K, used 107153K [0x0000000741c00000, 0x0000000800000000)
  region size 2048K, 25 young (51200K), 2 survivors (4096K)
 Metaspace       used 35070K, committed 35392K, reserved 1081344K
  class space    used 4567K, committed 4736K, reserved 1048576K
}
Event: 11.335 GC heap after
{Heap after GC invocations=19 (full 0):
 garbage-first heap   total 163840K, used 63703K [0x0000000741c00000, 0x0000000800000000)
  region size 2048K, 2 young (4096K), 2 survivors (4096K)
 Metaspace       used 35070K, committed 35392K, reserved 1081344K
  class space    used 4567K, committed 4736K, reserved 1048576K
}
Event: 11.359 GC heap before
{Heap before GC invocations=19 (full 0):
 garbage-first heap   total 163840K, used 116951K [0x0000000741c00000, 0x0000000800000000)
  region size 2048K, 29 young (59392K), 2 survivors (4096K)
 Metaspace       used 35070K, committed 35392K, reserved 1081344K
  class space    used 4567K, committed 4736K, reserved 1048576K
}
Event: 11.362 GC heap after
{Heap after GC invocations=20 (full 0):
 garbage-first heap   total 163840K, used 65798K [0x0000000741c00000, 0x0000000800000000)
  region size 2048K, 3 young (6144K), 3 survivors (6144K)
 Metaspace       used 35070K, committed 35392K, reserved 1081344K
  class space    used 4567K, committed 4736K, reserved 1048576K
}
Event: 11.381 GC heap before
{Heap before GC invocations=20 (full 0):
 garbage-first heap   total 163840K, used 121094K [0x0000000741c00000, 0x0000000800000000)
  region size 2048K, 31 young (63488K), 3 survivors (6144K)
 Metaspace       used 35070K, committed 35392K, reserved 1081344K
  class space    used 4567K, committed 4736K, reserved 1048576K
}
Event: 11.386 GC heap after
{Heap after GC invocations=21 (full 0):
 garbage-first heap   total 327680K, used 67957K [0x0000000741c00000, 0x0000000800000000)
  region size 2048K, 4 young (8192K), 4 survivors (8192K)
 Metaspace       used 35070K, committed 35392K, reserved 1081344K
  class space    used 4567K, committed 4736K, reserved 1048576K
}
Event: 11.508 GC heap before
{Heap before GC invocations=21 (full 0):
 garbage-first heap   total 327680K, used 254325K [0x0000000741c00000, 0x0000000800000000)
  region size 2048K, 96 young (196608K), 4 survivors (8192K)
 Metaspace       used 35070K, committed 35392K, reserved 1081344K
  class space    used 4567K, committed 4736K, reserved 1048576K
}
Event: 11.518 GC heap after
{Heap after GC invocations=22 (full 0):
 garbage-first heap   total 327680K, used 75767K [0x0000000741c00000, 0x0000000800000000)
  region size 2048K, 7 young (14336K), 7 survivors (14336K)
 Metaspace       used 35070K, committed 35392K, reserved 1081344K
  class space    used 4567K, committed 4736K, reserved 1048576K
}
Event: 11.622 GC heap before
{Heap before GC invocations=22 (full 0):
 garbage-first heap   total 327680K, used 253943K [0x0000000741c00000, 0x0000000800000000)
  region size 2048K, 95 young (194560K), 7 survivors (14336K)
 Metaspace       used 35071K, committed 35392K, reserved 1081344K
  class space    used 4567K, committed 4736K, reserved 1048576K
}
Event: 11.630 GC heap after
{Heap after GC invocations=23 (full 0):
 garbage-first heap   total 327680K, used 82860K [0x0000000741c00000, 0x0000000800000000)
  region size 2048K, 10 young (20480K), 10 survivors (20480K)
 Metaspace       used 35071K, committed 35392K, reserved 1081344K
  class space    used 4567K, committed 4736K, reserved 1048576K
}
Event: 11.720 GC heap before
{Heap before GC invocations=23 (full 0):
 garbage-first heap   total 327680K, used 256940K [0x0000000741c00000, 0x0000000800000000)
  region size 2048K, 96 young (196608K), 10 survivors (20480K)
 Metaspace       used 35071K, committed 35392K, reserved 1081344K
  class space    used 4567K, committed 4736K, reserved 1048576K
}
Event: 11.730 GC heap after
{Heap after GC invocations=24 (full 0):
 garbage-first heap   total 327680K, used 90918K [0x0000000741c00000, 0x0000000800000000)
  region size 2048K, 8 young (16384K), 8 survivors (16384K)
 Metaspace       used 35071K, committed 35392K, reserved 1081344K
  class space    used 4567K, committed 4736K, reserved 1048576K
}
Event: 11.821 GC heap before
{Heap before GC invocations=24 (full 0):
 garbage-first heap   total 327680K, used 262950K [0x0000000741c00000, 0x0000000800000000)
  region size 2048K, 93 young (190464K), 8 survivors (16384K)
 Metaspace       used 35071K, committed 35392K, reserved 1081344K
  class space    used 4567K, committed 4736K, reserved 1048576K
}

