# JRE version: OpenJDK Runtime Environment Temurin-17.0.3+7 (17.0.3+7) (build 17.0.3+7)
# Java VM: OpenJDK 64-Bit Server VM Temurin-17.0.3+7 (17.0.3+7, mixed mode, emulated-client, tiered, compressed oops, compressed class ptrs, g1 gc, windows-amd64)
GC Precious Log:
 CPUs: 8 total, 8 available
 Memory: 12174M
 Large Page Support: Disabled
 NUMA Support: Disabled
 Compressed Oops: Enabled (Zero based)
 Heap Region Size: 2M
 Heap Min Capacity: 8M
 Heap Initial Capacity: 192M
 Heap Max Capacity: 3044M
 Pre-touch: Disabled
 Parallel Workers: 8
 Concurrent Workers: 2
 Concurrent Refinement Workers: 8
 Periodic GC: Disabled
Heap:
 garbage-first heap   total 196608K, used 70351K [0x0000000741c00000, 0x0000000800000000)
  region size 2048K, 4 young (8192K), 4 survivors (8192K)
 Metaspace       used 35069K, committed 35392K, reserved 1081344K
  class space    used 4557K, committed 4736K, reserved 1048576K
GC Heap History (20 events):
Event: 3.294 GC heap after
{Heap after GC invocations=11 (full 0):
 garbage-first heap   total 61440K, used 28161K [0x0000000741c00000, 0x0000000800000000)
  region size 2048K, 2 young (4096K), 2 survivors (4096K)
 Metaspace       used 33568K, committed 33856K, reserved 1081344K
  class space    used 4270K, committed 4416K, reserved 1048576K
}
Event: 3.330 GC heap before
{Heap before GC invocations=11 (full 0):
 garbage-first heap   total 61440K, used 42497K [0x0000000741c00000, 0x0000000800000000)
  region size 2048K, 10 young (20480K), 2 survivors (4096K)
 Metaspace       used 33784K, committed 34112K, reserved 1081344K
  class space    used 4305K, committed 4480K, reserved 1048576K
}
Event: 3.335 GC heap after
{Heap after GC invocations=12 (full 0):
 garbage-first heap   total 88064K, used 31346K [0x0000000741c00000, 0x0000000800000000)
  region size 2048K, 2 young (4096K), 2 survivors (4096K)
 Metaspace       used 33784K, committed 34112K, reserved 1081344K
  class space    used 4305K, committed 4480K, reserved 1048576K
}
Event: 3.394 GC heap before
{Heap before GC invocations=12 (full 0):
 garbage-first heap   total 88064K, used 60018K [0x0000000741c00000, 0x0000000800000000)
  region size 2048K, 16 young (32768K), 2 survivors (4096K)
 Metaspace       used 34351K, committed 34688K, reserved 1081344K
  class space    used 4407K, committed 4544K, reserved 1048576K
}
Event: 3.401 GC heap after
{Heap after GC invocations=13 (full 0):
 garbage-first heap   total 88064K, used 38904K [0x0000000741c00000, 0x0000000800000000)
  region size 2048K, 2 young (4096K), 2 survivors (4096K)
 Metaspace       used 34351K, committed 34688K, reserved 1081344K
  class space    used 4407K, committed 4544K, reserved 1048576K
}
Event: 3.441 GC heap before
{Heap before GC invocations=13 (full 0):
 garbage-first heap   total 88064K, used 61432K [0x0000000741c00000, 0x0000000800000000)
  region size 2048K, 13 young (26624K), 2 survivors (4096K)
 Metaspace       used 34623K, committed 34944K, reserved 1081344K
  class space    used 4481K, committed 4608K, reserved 1048576K
}
Event: 3.446 GC heap after
{Heap after GC invocations=14 (full 0):
 garbage-first heap   total 88064K, used 43425K [0x0000000741c00000, 0x0000000800000000)
  region size 2048K, 2 young (4096K), 2 survivors (4096K)
 Metaspace       used 34623K, committed 34944K, reserved 1081344K
  class space    used 4481K, committed 4608K, reserved 1048576K
}
Event: 3.686 GC heap before
{Heap before GC invocations=14 (full 0):
 garbage-first heap   total 88064K, used 61857K [0x0000000741c00000, 0x0000000800000000)
  region size 2048K, 11 young (22528K), 2 survivors (4096K)
 Metaspace       used 34915K, committed 35200K, reserved 1081344K
  class space    used 4533K, committed 4672K, reserved 1048576K
}
Event: 3.690 GC heap after
{Heap after GC invocations=15 (full 0):
 garbage-first heap   total 88064K, used 47390K [0x0000000741c00000, 0x0000000800000000)
  region size 2048K, 2 young (4096K), 2 survivors (4096K)
 Metaspace       used 34915K, committed 35200K, reserved 1081344K
  class space    used 4533K, committed 4672K, reserved 1048576K
}
Event: 3.786 GC heap before
{Heap before GC invocations=16 (full 0):
 garbage-first heap   total 92160K, used 63774K [0x0000000741c00000, 0x0000000800000000)
  region size 2048K, 10 young (20480K), 2 survivors (4096K)
 Metaspace       used 34917K, committed 35200K, reserved 1081344K
  class space    used 4533K, committed 4672K, reserved 1048576K
}
Event: 3.792 GC heap after
{Heap after GC invocations=17 (full 0):
 garbage-first heap   total 92160K, used 53645K [0x0000000741c00000, 0x0000000800000000)
  region size 2048K, 2 young (4096K), 2 survivors (4096K)
 Metaspace       used 34917K, committed 35200K, reserved 1081344K
  class space    used 4533K, committed 4672K, reserved 1048576K
}
Event: 3.817 GC heap before
{Heap before GC invocations=17 (full 0):
 garbage-first heap   total 92160K, used 63885K [0x0000000741c00000, 0x0000000800000000)
  region size 2048K, 8 young (16384K), 2 survivors (4096K)
 Metaspace       used 34966K, committed 35328K, reserved 1081344K
  class space    used 4542K, committed 4736K, reserved 1048576K
}
Event: 3.834 GC heap after
{Heap after GC invocations=18 (full 0):
 garbage-first heap   total 184320K, used 59165K [0x0000000741c00000, 0x0000000800000000)
  region size 2048K, 1 young (2048K), 1 survivors (2048K)
 Metaspace       used 34966K, committed 35328K, reserved 1081344K
  class space    used 4542K, committed 4736K, reserved 1048576K
}
Event: 3.870 GC heap before
{Heap before GC invocations=18 (full 0):
 garbage-first heap   total 184320K, used 106269K [0x0000000741c00000, 0x0000000800000000)
  region size 2048K, 25 young (51200K), 1 survivors (2048K)
 Metaspace       used 34977K, committed 35328K, reserved 1081344K
  class space    used 4543K, committed 4736K, reserved 1048576K
}
Event: 3.874 GC heap after
{Heap after GC invocations=19 (full 0):
 garbage-first heap   total 184320K, used 61393K [0x0000000741c00000, 0x0000000800000000)
  region size 2048K, 3 young (6144K), 3 survivors (6144K)
 Metaspace       used 34977K, committed 35328K, reserved 1081344K
  class space    used 4543K, committed 4736K, reserved 1048576K
}
Event: 3.900 GC heap before
{Heap before GC invocations=19 (full 0):
 garbage-first heap   total 184320K, used 128977K [0x0000000741c00000, 0x0000000800000000)
  region size 2048K, 37 young (75776K), 3 survivors (6144K)
 Metaspace       used 34989K, committed 35328K, reserved 1081344K
  class space    used 4546K, committed 4736K, reserved 1048576K
}
Event: 3.904 GC heap after
{Heap after GC invocations=20 (full 0):
 garbage-first heap   total 184320K, used 64028K [0x0000000741c00000, 0x0000000800000000)
  region size 2048K, 4 young (8192K), 4 survivors (8192K)
 Metaspace       used 34989K, committed 35328K, reserved 1081344K
  class space    used 4546K, committed 4736K, reserved 1048576K
}
Event: 3.927 GC heap before
{Heap before GC invocations=20 (full 0):
 garbage-first heap   total 184320K, used 133660K [0x0000000741c00000, 0x0000000800000000)
  region size 2048K, 40 young (81920K), 4 survivors (8192K)
 Metaspace       used 35069K, committed 35392K, reserved 1081344K
  class space    used 4557K, committed 4736K, reserved 1048576K
}
Event: 3.933 GC heap after
{Heap after GC invocations=21 (full 0):
 garbage-first heap   total 184320K, used 67052K [0x0000000741c00000, 0x0000000800000000)
  region size 2048K, 4 young (8192K), 4 survivors (8192K)
 Metaspace       used 35069K, committed 35392K, reserved 1081344K
  class space    used 4557K, committed 4736K, reserved 1048576K
}
Event: 3.951 GC heap before
{Heap before GC invocations=22 (full 0):
 garbage-first heap   total 184320K, used 138732K [0x0000000741c00000, 0x0000000800000000)
  region size 2048K, 40 young (81920K), 4 survivors (8192K)
 Metaspace       used 35069K, committed 35392K, reserved 1081344K
  class space    used 4557K, committed 4736K, reserved 1048576K
}

